<?xml version="1.0" encoding="UTF-8"?>
<!-- Generated by org.testng.reporters.JUnitReportReporter -->
<testsuite name="com.ucm.testsuite.AdminCreateSubFormTest" tests="1" time="76.001" ignored="6" failures="0" timestamp="05 Aug 2020 12:31:04 GMT" skipped="0" hostname="ttpllt33" errors="0">
  <testcase name="adminsubformcreation" time="76.001" classname="com.ucm.testsuite.AdminCreateSubFormTest"/>
  <testcase name="setup" classname="com.ucm.config.BaseClass">
    <skipped/>
  </testcase> <!-- setup -->
  <testcase name="setup" classname="com.ucm.config.BaseClass">
    <skipped/>
  </testcase> <!-- setup -->
  <testcase name="setup" classname="com.ucm.config.BaseClass">
    <skipped/>
  </testcase> <!-- setup -->
  <testcase name="tearDown" classname="com.ucm.config.BaseClass">
    <skipped/>
  </testcase> <!-- tearDown -->
  <testcase name="tearDown" classname="com.ucm.config.BaseClass">
    <skipped/>
  </testcase> <!-- tearDown -->
  <testcase name="tearDown" classname="com.ucm.config.BaseClass">
    <skipped/>
  </testcase> <!-- tearDown -->
</testsuite> <!-- com.ucm.testsuite.AdminCreateSubFormTest -->
