<?xml version="1.0" encoding="UTF-8"?>
<!-- Generated by org.testng.reporters.JUnitReportReporter -->
<testsuite name="com.ucm.testsuite.AdminLoginTest" tests="3" time="6.392" ignored="6" failures="0" timestamp="05 Aug 2020 12:31:04 GMT" skipped="0" hostname="ttpllt33" errors="0">
  <testcase name="adminlogin" time="1.557" classname="com.ucm.testsuite.AdminLoginTest"/>
  <testcase name="adminlogin" time="3.440" classname="com.ucm.testsuite.AdminLoginTest"/>
  <testcase name="adminlogin" time="1.395" classname="com.ucm.testsuite.AdminLoginTest"/>
  <testcase name="setup" classname="com.ucm.config.BaseClass">
    <skipped/>
  </testcase> <!-- setup -->
  <testcase name="setup" classname="com.ucm.config.BaseClass">
    <skipped/>
  </testcase> <!-- setup -->
  <testcase name="setup" classname="com.ucm.config.BaseClass">
    <skipped/>
  </testcase> <!-- setup -->
  <testcase name="tearDown" classname="com.ucm.config.BaseClass">
    <skipped/>
  </testcase> <!-- tearDown -->
  <testcase name="tearDown" classname="com.ucm.config.BaseClass">
    <skipped/>
  </testcase> <!-- tearDown -->
  <testcase name="tearDown" classname="com.ucm.config.BaseClass">
    <skipped/>
  </testcase> <!-- tearDown -->
</testsuite> <!-- com.ucm.testsuite.AdminLoginTest -->
