<?xml version="1.0" encoding="UTF-8"?>
<!-- Generated by org.testng.reporters.JUnitReportReporter -->
<testsuite skipped="0" hostname="ttpllt33" name="com.ucm.testsuite.AdminUcmformTest" tests="1" failures="0" timestamp="06 Aug 2020 05:30:19 GMT" time="2.890" errors="0">
  <testcase name="adminsubformcreation" time="2.890" classname="com.ucm.testsuite.AdminUcmformTest"/>
</testsuite> <!-- com.ucm.testsuite.AdminUcmformTest -->
