<?xml version="1.0" encoding="UTF-8"?>
<!-- Generated by org.testng.reporters.JUnitReportReporter -->
<testsuite skipped="0" hostname="ttpllt33" name="com.ucm.testsuite.AdminLoginTest" tests="3" failures="0" timestamp="06 Aug 2020 05:30:19 GMT" time="13.257" errors="0">
  <testcase name="adminlogin" time="5.432" classname="com.ucm.testsuite.AdminLoginTest"/>
  <testcase name="adminlogin" time="6.325" classname="com.ucm.testsuite.AdminLoginTest"/>
  <testcase name="adminlogin" time="1.500" classname="com.ucm.testsuite.AdminLoginTest"/>
</testsuite> <!-- com.ucm.testsuite.AdminLoginTest -->
